<?xml version="1.0" encoding="UTF-8"?>
<!-- Generated by org.testng.reporters.JUnitXMLReporter -->
<testsuite ignored="2" hostname="DESKTOP-PC1F2JD" failures="0" tests="1" name="Test" time="19.898" errors="0" timestamp="2025-04-30T09:18:53 IST">
  <testcase classname="testCases.TC_002Login" name="login" time="4.303"/>
  <testcase classname="testCases.TC_001Register" name="home" time="0.0">
    <ignored/>
  </testcase> <!-- home -->
  <testcase classname="testCases.TC_001Register" name="register" time="0.0">
    <ignored/>
  </testcase> <!-- register -->
</testsuite> <!-- Test -->
