<?xml version="1.0" encoding="UTF-8"?>
<testng-results ignored="0" total="1" passed="1" failed="0" skipped="0">
  <reporter-output>
  </reporter-output>
  <suite started-at="2025-04-30T09:18:30 IST" name="Suite" finished-at="2025-04-30T09:18:50 IST" duration-ms="19898">
    <groups>
      <group name="Master">
        <method signature="TC_002Login.login()[pri:0, instance:testCases.TC_002Login@6955cb39]" name="login" class="testCases.TC_002Login"/>
      </group> <!-- Master -->
      <group name="Regression">
        <method signature="TC_002Login.login()[pri:0, instance:testCases.TC_002Login@6955cb39]" name="login" class="testCases.TC_002Login"/>
      </group> <!-- Regression -->
    </groups>
    <test started-at="2025-04-30T09:18:30 IST" name="Test" finished-at="2025-04-30T09:18:50 IST" duration-ms="19898">
      <class name="testCases.TC_002Login">
        <test-method is-config="true" signature="setup()[pri:0, instance:testCases.TC_002Login@6955cb39]" started-at="2025-04-30T09:18:30 IST" name="setup" finished-at="2025-04-30T09:18:45 IST" duration-ms="14754" status="PASS">
          <reporter-output>
          </reporter-output>
        </test-method> <!-- setup -->
        <test-method signature="login()[pri:0, instance:testCases.TC_002Login@6955cb39]" started-at="2025-04-30T09:18:45 IST" name="login" finished-at="2025-04-30T09:18:50 IST" duration-ms="4303" status="PASS">
          <reporter-output>
          </reporter-output>
        </test-method> <!-- login -->
        <test-method is-config="true" signature="tearDown()[pri:0, instance:testCases.TC_002Login@6955cb39]" started-at="2025-04-30T09:18:50 IST" name="tearDown" finished-at="2025-04-30T09:18:50 IST" duration-ms="337" status="PASS">
          <reporter-output>
          </reporter-output>
        </test-method> <!-- tearDown -->
      </class> <!-- testCases.TC_002Login -->
    </test> <!-- Test -->
  </suite> <!-- Suite -->
</testng-results>
